[debug] [2021-06-14T09:22:19.689Z] ----------------------------------------------------------------------
[debug] [2021-06-14T09:22:19.691Z] Command:       /usr/local/bin/node /usr/local/bin/firebase deploy
[debug] [2021-06-14T09:22:19.691Z] CLI Version:   9.12.0
[debug] [2021-06-14T09:22:19.691Z] Platform:      darwin
[debug] [2021-06-14T09:22:19.691Z] Node Version:  v14.16.1
[debug] [2021-06-14T09:22:19.693Z] Time:          Mon Jun 14 2021 11:22:19 GMT+0200 (Central European Summer Time)
[debug] [2021-06-14T09:22:19.693Z] ----------------------------------------------------------------------
[debug] 
[debug] [2021-06-14T09:22:19.702Z] > command requires scopes: ["email","openid","https://www.googleapis.com/auth/cloudplatformprojects.readonly","https://www.googleapis.com/auth/firebase","https://www.googleapis.com/auth/cloud-platform"]
[debug] [2021-06-14T09:22:19.702Z] > authorizing via signed-in user (alexandre.desousasoares@gmail.com)
[debug] [2021-06-14T09:22:19.702Z] [iam] checking project joker-s-blog for permissions ["cloudfunctions.functions.create","cloudfunctions.functions.delete","cloudfunctions.functions.get","cloudfunctions.functions.list","cloudfunctions.functions.update","cloudfunctions.operations.get","datastore.indexes.create","datastore.indexes.delete","datastore.indexes.list","datastore.indexes.update","firebase.projects.get","firebasehosting.sites.update","firebaserules.releases.create","firebaserules.releases.update","firebaserules.rulesets.create"]
[debug] [2021-06-14T09:22:19.704Z] > refreshing access token with scopes: ["email","https://www.googleapis.com/auth/cloud-platform","https://www.googleapis.com/auth/cloudplatformprojects.readonly","https://www.googleapis.com/auth/firebase","openid"]
[debug] [2021-06-14T09:22:19.704Z] >>> HTTP REQUEST POST https://www.googleapis.com/oauth2/v3/token  
 <request body omitted>
[debug] [2021-06-14T09:22:20.033Z] <<< HTTP RESPONSE 200 {"date":"Mon, 14 Jun 2021 09:22:20 GMT","pragma":"no-cache","cache-control":"no-cache, no-store, max-age=0, must-revalidate","expires":"Mon, 01 Jan 1990 00:00:00 GMT","content-type":"application/json; charset=utf-8","vary":"X-Origin, Referer, Origin,Accept-Encoding","server":"scaffolding on HTTPServer2","x-xss-protection":"0","x-frame-options":"SAMEORIGIN","x-content-type-options":"nosniff","alt-svc":"h3=\":443\"; ma=2592000,h3-29=\":443\"; ma=2592000,h3-T051=\":443\"; ma=2592000,h3-Q050=\":443\"; ma=2592000,h3-Q046=\":443\"; ma=2592000,h3-Q043=\":443\"; ma=2592000,quic=\":443\"; ma=2592000; v=\"46,43\"","accept-ranges":"none","transfer-encoding":"chunked"}
[debug] [2021-06-14T09:22:20.097Z] >>> HTTP REQUEST POST https://cloudresourcemanager.googleapis.com/v1/projects/joker-s-blog:testIamPermissions  
 {"permissions":["cloudfunctions.functions.create","cloudfunctions.functions.delete","cloudfunctions.functions.get","cloudfunctions.functions.list","cloudfunctions.functions.update","cloudfunctions.operations.get","datastore.indexes.create","datastore.indexes.delete","datastore.indexes.list","datastore.indexes.update","firebase.projects.get","firebasehosting.sites.update","firebaserules.releases.create","firebaserules.releases.update","firebaserules.rulesets.create"]}
[debug] [2021-06-14T09:22:20.511Z] <<< HTTP RESPONSE 200 {"content-type":"application/json; charset=UTF-8","vary":"X-Origin, Referer, Origin,Accept-Encoding","date":"Mon, 14 Jun 2021 09:22:20 GMT","server":"ESF","cache-control":"private","x-xss-protection":"0","x-frame-options":"SAMEORIGIN","x-content-type-options":"nosniff","server-timing":"gfet4t7; dur=111","alt-svc":"h3=\":443\"; ma=2592000,h3-29=\":443\"; ma=2592000,h3-T051=\":443\"; ma=2592000,h3-Q050=\":443\"; ma=2592000,h3-Q046=\":443\"; ma=2592000,h3-Q043=\":443\"; ma=2592000,quic=\":443\"; ma=2592000; v=\"46,43\"","accept-ranges":"none","transfer-encoding":"chunked"}
[debug] [2021-06-14T09:22:20.512Z] >>> HTTP REQUEST POST https://iam.googleapis.com/v1/projects/joker-s-blog/serviceAccounts/joker-s-blog@appspot.gserviceaccount.com:testIamPermissions  
 {"permissions":["iam.serviceAccounts.actAs"]}
[debug] [2021-06-14T09:22:21.333Z] <<< HTTP RESPONSE 200 {"content-type":"application/json; charset=UTF-8","vary":"X-Origin, Referer, Origin,Accept-Encoding","date":"Mon, 14 Jun 2021 09:22:21 GMT","server":"ESF","cache-control":"private","x-xss-protection":"0","x-frame-options":"SAMEORIGIN","x-content-type-options":"nosniff","alt-svc":"h3=\":443\"; ma=2592000,h3-29=\":443\"; ma=2592000,h3-T051=\":443\"; ma=2592000,h3-Q050=\":443\"; ma=2592000,h3-Q046=\":443\"; ma=2592000,h3-Q043=\":443\"; ma=2592000,quic=\":443\"; ma=2592000; v=\"46,43\"","accept-ranges":"none","transfer-encoding":"chunked"}
[debug] [2021-06-14T09:22:21.335Z] > refreshing access token with scopes: []
[debug] [2021-06-14T09:22:21.336Z] >>> HTTP REQUEST POST https://www.googleapis.com/oauth2/v3/token  
 <request body omitted>
[debug] [2021-06-14T09:22:21.601Z] <<< HTTP RESPONSE 200 {"expires":"Mon, 01 Jan 1990 00:00:00 GMT","date":"Mon, 14 Jun 2021 09:22:21 GMT","cache-control":"no-cache, no-store, max-age=0, must-revalidate","pragma":"no-cache","content-type":"application/json; charset=utf-8","vary":"X-Origin, Referer, Origin,Accept-Encoding","server":"scaffolding on HTTPServer2","x-xss-protection":"0","x-frame-options":"SAMEORIGIN","x-content-type-options":"nosniff","alt-svc":"h3=\":443\"; ma=2592000,h3-29=\":443\"; ma=2592000,h3-T051=\":443\"; ma=2592000,h3-Q050=\":443\"; ma=2592000,h3-Q046=\":443\"; ma=2592000,h3-Q043=\":443\"; ma=2592000,quic=\":443\"; ma=2592000; v=\"46,43\"","accept-ranges":"none","transfer-encoding":"chunked"}
[debug] [2021-06-14T09:22:21.663Z] >>> [apiv2][query] GET https://firebase.googleapis.com/v1beta1/projects/joker-s-blog [none]
[debug] [2021-06-14T09:22:22.123Z] <<< [apiv2][status] GET https://firebase.googleapis.com/v1beta1/projects/joker-s-blog 200
[debug] [2021-06-14T09:22:22.123Z] <<< [apiv2][body] GET https://firebase.googleapis.com/v1beta1/projects/joker-s-blog {"projectId":"joker-s-blog","projectNumber":"895712784593","displayName":"Joker's Blog","name":"projects/joker-s-blog","resources":{"hostingSite":"joker-s-blog","storageBucket":"joker-s-blog.appspot.com","locationId":"europe-west"},"state":"ACTIVE"}
[info] 
[info] === Deploying to 'joker-s-blog'...
[info] 
[info] i  deploying storage, firestore, functions, hosting 
[debug] [2021-06-14T09:22:25.245Z] > refreshing access token with scopes: ["email","https://www.googleapis.com/auth/cloud-platform","https://www.googleapis.com/auth/cloudplatformprojects.readonly","https://www.googleapis.com/auth/firebase","openid"]
[debug] [2021-06-14T09:22:25.245Z] >>> HTTP REQUEST POST https://www.googleapis.com/oauth2/v3/token  
 <request body omitted>
[debug] [2021-06-14T09:22:25.484Z] <<< HTTP RESPONSE 200 {"expires":"Mon, 01 Jan 1990 00:00:00 GMT","cache-control":"no-cache, no-store, max-age=0, must-revalidate","pragma":"no-cache","date":"Mon, 14 Jun 2021 09:22:25 GMT","content-type":"application/json; charset=utf-8","vary":"X-Origin, Referer, Origin,Accept-Encoding","server":"scaffolding on HTTPServer2","x-xss-protection":"0","x-frame-options":"SAMEORIGIN","x-content-type-options":"nosniff","alt-svc":"h3=\":443\"; ma=2592000,h3-29=\":443\"; ma=2592000,h3-T051=\":443\"; ma=2592000,h3-Q050=\":443\"; ma=2592000,h3-Q046=\":443\"; ma=2592000,h3-Q043=\":443\"; ma=2592000,quic=\":443\"; ma=2592000; v=\"46,43\"","accept-ranges":"none","transfer-encoding":"chunked"}
[debug] [2021-06-14T09:22:25.544Z] >>> HTTP REQUEST GET https://appengine.googleapis.com/v1/apps/joker-s-blog  
 
[debug] [2021-06-14T09:22:25.962Z] <<< HTTP RESPONSE 200 {"content-type":"application/json; charset=UTF-8","vary":"X-Origin, Referer, Origin,Accept-Encoding","date":"Mon, 14 Jun 2021 09:22:26 GMT","server":"ESF","cache-control":"private","x-xss-protection":"0","x-frame-options":"SAMEORIGIN","x-content-type-options":"nosniff","alt-svc":"h3=\":443\"; ma=2592000,h3-29=\":443\"; ma=2592000,h3-T051=\":443\"; ma=2592000,h3-Q050=\":443\"; ma=2592000,h3-Q046=\":443\"; ma=2592000,h3-Q043=\":443\"; ma=2592000,quic=\":443\"; ma=2592000; v=\"46,43\"","accept-ranges":"none","transfer-encoding":"chunked"}
[info] i  firebase.storage: checking storage.rules for compilation errors... 
[debug] [2021-06-14T09:22:25.967Z] >>> HTTP REQUEST POST https://firebaserules.googleapis.com/v1/projects/joker-s-blog:test  
 {"source":{"files":[{"name":"storage.rules","content":"rules_version = '2';\nservice firebase.storage {\n  match /b/{bucket}/o {\n    match /{allPaths=**} {\n      allow read, write: if request.auth!=null;\n    }\n  }\n}\n"}]}}
[debug] [2021-06-14T09:22:27.295Z] <<< HTTP RESPONSE 200 {"content-type":"application/json; charset=UTF-8","vary":"X-Origin, Referer, Origin,Accept-Encoding","date":"Mon, 14 Jun 2021 09:22:27 GMT","server":"ESF","cache-control":"private","x-xss-protection":"0","x-frame-options":"SAMEORIGIN","x-content-type-options":"nosniff","alt-svc":"h3=\":443\"; ma=2592000,h3-29=\":443\"; ma=2592000,h3-T051=\":443\"; ma=2592000,h3-Q050=\":443\"; ma=2592000,h3-Q046=\":443\"; ma=2592000,h3-Q043=\":443\"; ma=2592000,quic=\":443\"; ma=2592000; v=\"46,43\"","accept-ranges":"none","transfer-encoding":"chunked"}
[info] ✔  firebase.storage: rules file storage.rules compiled successfully 
[info] i  firestore: reading indexes from firestore.indexes.json... 
[info] i  cloud.firestore: checking firestore.rules for compilation errors... 
[debug] [2021-06-14T09:22:27.301Z] >>> HTTP REQUEST POST https://firebaserules.googleapis.com/v1/projects/joker-s-blog:test  
 {"source":{"files":[{"name":"firestore.rules","content":"rules_version = '2';\nservice cloud.firestore {\n  match /databases/{database}/documents {\n    match /{document=**} {\n      allow read, write: if\n          request.time < timestamp.date(2021, 6, 26);\n    }\n  }\n}"}]}}
[debug] [2021-06-14T09:22:28.153Z] <<< HTTP RESPONSE 200 {"content-type":"application/json; charset=UTF-8","vary":"X-Origin, Referer, Origin,Accept-Encoding","date":"Mon, 14 Jun 2021 09:22:28 GMT","server":"ESF","cache-control":"private","x-xss-protection":"0","x-frame-options":"SAMEORIGIN","x-content-type-options":"nosniff","alt-svc":"h3=\":443\"; ma=2592000,h3-29=\":443\"; ma=2592000,h3-T051=\":443\"; ma=2592000,h3-Q050=\":443\"; ma=2592000,h3-Q046=\":443\"; ma=2592000,h3-Q043=\":443\"; ma=2592000,quic=\":443\"; ma=2592000; v=\"46,43\"","accept-ranges":"none","transfer-encoding":"chunked"}
[info] ✔  cloud.firestore: rules file firestore.rules compiled successfully 
[info] i  functions: ensuring required API cloudfunctions.googleapis.com is enabled... 
[info] i  functions: ensuring required API cloudbuild.googleapis.com is enabled... 
[debug] [2021-06-14T09:22:28.968Z] >>> HTTP REQUEST GET https://serviceusage.googleapis.com/v1/projects/joker-s-blog/services/cloudfunctions.googleapis.com  
 
[debug] [2021-06-14T09:22:28.969Z] >>> HTTP REQUEST GET https://serviceusage.googleapis.com/v1/projects/joker-s-blog/services/runtimeconfig.googleapis.com  
 
[debug] [2021-06-14T09:22:28.969Z] >>> HTTP REQUEST GET https://serviceusage.googleapis.com/v1/projects/joker-s-blog/services/cloudbuild.googleapis.com  
 
[debug] [2021-06-14T09:22:30.075Z] <<< HTTP RESPONSE 200 {"content-type":"application/json; charset=UTF-8","vary":"X-Origin, Referer, Origin,Accept-Encoding","date":"Mon, 14 Jun 2021 09:22:30 GMT","server":"ESF","cache-control":"private","x-xss-protection":"0","x-frame-options":"SAMEORIGIN","x-content-type-options":"nosniff","alt-svc":"h3=\":443\"; ma=2592000,h3-29=\":443\"; ma=2592000,h3-T051=\":443\"; ma=2592000,h3-Q050=\":443\"; ma=2592000,h3-Q046=\":443\"; ma=2592000,h3-Q043=\":443\"; ma=2592000,quic=\":443\"; ma=2592000; v=\"46,43\"","accept-ranges":"none","transfer-encoding":"chunked"}
[debug] [2021-06-14T09:22:30.078Z] <<< HTTP RESPONSE 200 {"content-type":"application/json; charset=UTF-8","vary":"X-Origin, Referer, Origin,Accept-Encoding","date":"Mon, 14 Jun 2021 09:22:30 GMT","server":"ESF","cache-control":"private","x-xss-protection":"0","x-frame-options":"SAMEORIGIN","x-content-type-options":"nosniff","alt-svc":"h3=\":443\"; ma=2592000,h3-29=\":443\"; ma=2592000,h3-T051=\":443\"; ma=2592000,h3-Q050=\":443\"; ma=2592000,h3-Q046=\":443\"; ma=2592000,h3-Q043=\":443\"; ma=2592000,quic=\":443\"; ma=2592000; v=\"46,43\"","accept-ranges":"none","transfer-encoding":"chunked"}
[info] ✔  functions: required API cloudbuild.googleapis.com is enabled 
[debug] [2021-06-14T09:22:30.082Z] <<< HTTP RESPONSE 200 {"content-type":"application/json; charset=UTF-8","vary":"X-Origin, Referer, Origin,Accept-Encoding","date":"Mon, 14 Jun 2021 09:22:30 GMT","server":"ESF","cache-control":"private","x-xss-protection":"0","x-frame-options":"SAMEORIGIN","x-content-type-options":"nosniff","alt-svc":"h3=\":443\"; ma=2592000,h3-29=\":443\"; ma=2592000,h3-T051=\":443\"; ma=2592000,h3-Q050=\":443\"; ma=2592000,h3-Q046=\":443\"; ma=2592000,h3-Q043=\":443\"; ma=2592000,quic=\":443\"; ma=2592000; v=\"46,43\"","accept-ranges":"none","transfer-encoding":"chunked"}
[info] ✔  functions: required API cloudfunctions.googleapis.com is enabled 
[debug] [2021-06-14T09:22:30.083Z] >>> HTTP REQUEST GET https://firebase.googleapis.com/v1beta1/projects/joker-s-blog/adminSdkConfig  
 
[debug] [2021-06-14T09:22:30.502Z] <<< HTTP RESPONSE 200 {"content-type":"application/json; charset=UTF-8","vary":"X-Origin, Referer, Origin,Accept-Encoding","date":"Mon, 14 Jun 2021 09:22:30 GMT","server":"ESF","cache-control":"private","x-xss-protection":"0","x-frame-options":"SAMEORIGIN","x-content-type-options":"nosniff","alt-svc":"h3=\":443\"; ma=2592000,h3-29=\":443\"; ma=2592000,h3-T051=\":443\"; ma=2592000,h3-Q050=\":443\"; ma=2592000,h3-Q046=\":443\"; ma=2592000,h3-Q043=\":443\"; ma=2592000,quic=\":443\"; ma=2592000; v=\"46,43\"","accept-ranges":"none","transfer-encoding":"chunked"}
[info] i  functions: preparing functions directory for uploading... 
[debug] [2021-06-14T09:22:30.504Z] >>> HTTP REQUEST GET https://runtimeconfig.googleapis.com/v1beta1/projects/joker-s-blog/configs  
 
[debug] [2021-06-14T09:22:31.164Z] <<< HTTP RESPONSE 200 {"content-type":"application/json; charset=UTF-8","vary":"X-Origin, Referer, Origin,Accept-Encoding","date":"Mon, 14 Jun 2021 09:22:31 GMT","server":"ESF","cache-control":"private","x-xss-protection":"0","x-frame-options":"SAMEORIGIN","x-content-type-options":"nosniff","alt-svc":"h3=\":443\"; ma=2592000,h3-29=\":443\"; ma=2592000,h3-T051=\":443\"; ma=2592000,h3-Q050=\":443\"; ma=2592000,h3-Q046=\":443\"; ma=2592000,h3-Q043=\":443\"; ma=2592000,quic=\":443\"; ma=2592000; v=\"46,43\"","accept-ranges":"none","transfer-encoding":"chunked"}
[debug] [2021-06-14T09:22:31.165Z] Analyizing backend with strategy parseJSExports
[info] i  functions: packaged functions (23.94 KB) for uploading 
[debug] [2021-06-14T09:22:31.337Z] > [functions] package.json contents: {
  "name": "functions",
  "description": "Cloud Functions for Firebase",
  "scripts": {
    "serve": "firebase emulators:start --only functions",
    "shell": "firebase functions:shell",
    "start": "npm run shell",
    "deploy": "firebase deploy --only functions",
    "logs": "firebase functions:log"
  },
  "engines": {
    "node": "14"
  },
  "main": "index.js",
  "dependencies": {
    "firebase-admin": "^9.8.0",
    "firebase-functions": "^3.14.1"
  },
  "devDependencies": {
    "firebase-functions-test": "^0.2.0"
  },
  "private": true
}
[debug] [2021-06-14T09:22:31.338Z] >>> HTTP REQUEST GET https://cloudfunctions.googleapis.com/v1/projects/joker-s-blog/locations/-/functions  
 
[debug] [2021-06-14T09:22:32.372Z] <<< HTTP RESPONSE 200 {"content-type":"application/json; charset=UTF-8","vary":"X-Origin, Referer, Origin,Accept-Encoding","date":"Mon, 14 Jun 2021 09:22:32 GMT","server":"ESF","cache-control":"private","x-xss-protection":"0","x-frame-options":"SAMEORIGIN","x-content-type-options":"nosniff","alt-svc":"h3=\":443\"; ma=2592000,h3-29=\":443\"; ma=2592000,h3-T051=\":443\"; ma=2592000,h3-Q050=\":443\"; ma=2592000,h3-Q046=\":443\"; ma=2592000,h3-Q043=\":443\"; ma=2592000,quic=\":443\"; ma=2592000; v=\"46,43\"","accept-ranges":"none","transfer-encoding":"chunked"}
[debug] [2021-06-14T09:22:32.376Z] >>> HTTP REQUEST POST https://firebasehosting.googleapis.com/v1beta1/sites/joker-s-blog/versions  
 {"config":{"rewrites":[{"glob":"**","path":"/index.html"}]},"labels":{"deployment-tool":"cli-firebase"}}
[debug] [2021-06-14T09:22:34.237Z] <<< HTTP RESPONSE 200 {"content-type":"application/json; charset=UTF-8","vary":"X-Origin, Referer, Origin,Accept-Encoding","date":"Mon, 14 Jun 2021 09:22:34 GMT","server":"ESF","cache-control":"private","x-xss-protection":"0","x-frame-options":"SAMEORIGIN","x-content-type-options":"nosniff","alt-svc":"h3=\":443\"; ma=2592000,h3-29=\":443\"; ma=2592000,h3-T051=\":443\"; ma=2592000,h3-Q050=\":443\"; ma=2592000,h3-Q046=\":443\"; ma=2592000,h3-Q043=\":443\"; ma=2592000,quic=\":443\"; ma=2592000; v=\"46,43\"","accept-ranges":"none","transfer-encoding":"chunked"}
[debug] [2021-06-14T09:22:34.239Z] >>> HTTP REQUEST GET https://firebaserules.googleapis.com/v1/projects/joker-s-blog/releases?pageSize=10&pageToken=  
 
[debug] [2021-06-14T09:22:34.640Z] <<< HTTP RESPONSE 200 {"content-type":"application/json; charset=UTF-8","vary":"X-Origin, Referer, Origin,Accept-Encoding","date":"Mon, 14 Jun 2021 09:22:34 GMT","server":"ESF","cache-control":"private","x-xss-protection":"0","x-frame-options":"SAMEORIGIN","x-content-type-options":"nosniff","alt-svc":"h3=\":443\"; ma=2592000,h3-29=\":443\"; ma=2592000,h3-T051=\":443\"; ma=2592000,h3-Q050=\":443\"; ma=2592000,h3-Q046=\":443\"; ma=2592000,h3-Q043=\":443\"; ma=2592000,quic=\":443\"; ma=2592000; v=\"46,43\"","accept-ranges":"none","transfer-encoding":"chunked"}
[debug] [2021-06-14T09:22:34.642Z] >>> HTTP REQUEST GET https://firebaserules.googleapis.com/v1/projects/joker-s-blog/rulesets/28462978-fd4c-42cd-adfa-942832f1731a  
 
[debug] [2021-06-14T09:22:35.772Z] <<< HTTP RESPONSE 200 {"content-type":"application/json; charset=UTF-8","vary":"X-Origin, Referer, Origin,Accept-Encoding","date":"Mon, 14 Jun 2021 09:22:35 GMT","server":"ESF","cache-control":"private","x-xss-protection":"0","x-frame-options":"SAMEORIGIN","x-content-type-options":"nosniff","alt-svc":"h3=\":443\"; ma=2592000,h3-29=\":443\"; ma=2592000,h3-T051=\":443\"; ma=2592000,h3-Q050=\":443\"; ma=2592000,h3-Q046=\":443\"; ma=2592000,h3-Q043=\":443\"; ma=2592000,quic=\":443\"; ma=2592000; v=\"46,43\"","accept-ranges":"none","transfer-encoding":"chunked"}
[info] i  storage: latest version of storage.rules already up to date, skipping upload... 
[debug] [2021-06-14T09:22:35.776Z] >>> HTTP REQUEST GET https://firebaserules.googleapis.com/v1/projects/joker-s-blog/releases?pageSize=10&pageToken=  
 
[debug] [2021-06-14T09:22:35.776Z] >>> HTTP REQUEST GET https://firestore.googleapis.com/v1/projects/joker-s-blog/databases/(default)/collectionGroups/-/indexes  
 
[debug] [2021-06-14T09:22:36.156Z] <<< HTTP RESPONSE 200 {"content-type":"application/json; charset=UTF-8","vary":"X-Origin, Referer, Origin,Accept-Encoding","date":"Mon, 14 Jun 2021 09:22:36 GMT","server":"ESF","cache-control":"private","x-xss-protection":"0","x-frame-options":"SAMEORIGIN","x-content-type-options":"nosniff","alt-svc":"h3=\":443\"; ma=2592000,h3-29=\":443\"; ma=2592000,h3-T051=\":443\"; ma=2592000,h3-Q050=\":443\"; ma=2592000,h3-Q046=\":443\"; ma=2592000,h3-Q043=\":443\"; ma=2592000,quic=\":443\"; ma=2592000; v=\"46,43\"","accept-ranges":"none","transfer-encoding":"chunked"}
[debug] [2021-06-14T09:22:36.157Z] >>> HTTP REQUEST GET https://firestore.googleapis.com/v1/projects/joker-s-blog/databases/(default)/collectionGroups/-/fields?filter=indexConfig.usesAncestorConfig=false  
 
[debug] [2021-06-14T09:22:36.491Z] <<< HTTP RESPONSE 200 {"content-type":"application/json; charset=UTF-8","vary":"X-Origin, Referer, Origin,Accept-Encoding","date":"Mon, 14 Jun 2021 09:22:36 GMT","server":"ESF","cache-control":"private","x-xss-protection":"0","x-frame-options":"SAMEORIGIN","x-content-type-options":"nosniff","alt-svc":"h3=\":443\"; ma=2592000,h3-29=\":443\"; ma=2592000,h3-T051=\":443\"; ma=2592000,h3-Q050=\":443\"; ma=2592000,h3-Q046=\":443\"; ma=2592000,h3-Q043=\":443\"; ma=2592000,quic=\":443\"; ma=2592000; v=\"46,43\"","accept-ranges":"none","transfer-encoding":"chunked"}
[info] ✔  firestore: deployed indexes in firestore.indexes.json successfully 
[debug] [2021-06-14T09:22:36.712Z] <<< HTTP RESPONSE 200 {"content-type":"application/json; charset=UTF-8","vary":"X-Origin, Referer, Origin,Accept-Encoding","date":"Mon, 14 Jun 2021 09:22:36 GMT","server":"ESF","cache-control":"private","x-xss-protection":"0","x-frame-options":"SAMEORIGIN","x-content-type-options":"nosniff","alt-svc":"h3=\":443\"; ma=2592000,h3-29=\":443\"; ma=2592000,h3-T051=\":443\"; ma=2592000,h3-Q050=\":443\"; ma=2592000,h3-Q046=\":443\"; ma=2592000,h3-Q043=\":443\"; ma=2592000,quic=\":443\"; ma=2592000; v=\"46,43\"","accept-ranges":"none","transfer-encoding":"chunked"}
[debug] [2021-06-14T09:22:36.713Z] >>> HTTP REQUEST GET https://firebaserules.googleapis.com/v1/projects/joker-s-blog/rulesets/19fc8d83-7ea1-4f72-ac93-e66ef84edc44  
 
[debug] [2021-06-14T09:22:37.615Z] <<< HTTP RESPONSE 200 {"content-type":"application/json; charset=UTF-8","vary":"X-Origin, Referer, Origin,Accept-Encoding","date":"Mon, 14 Jun 2021 09:22:37 GMT","server":"ESF","cache-control":"private","x-xss-protection":"0","x-frame-options":"SAMEORIGIN","x-content-type-options":"nosniff","alt-svc":"h3=\":443\"; ma=2592000,h3-29=\":443\"; ma=2592000,h3-T051=\":443\"; ma=2592000,h3-Q050=\":443\"; ma=2592000,h3-Q046=\":443\"; ma=2592000,h3-Q043=\":443\"; ma=2592000,quic=\":443\"; ma=2592000; v=\"46,43\"","accept-ranges":"none","transfer-encoding":"chunked"}
[info] i  firestore: latest version of firestore.rules already up to date, skipping upload... 
[debug] [2021-06-14T09:22:37.617Z] >>> HTTP REQUEST POST https://cloudfunctions.googleapis.com/v1/projects/joker-s-blog/locations/us-central1/functions:generateUploadUrl  
 
[debug] [2021-06-14T09:22:38.477Z] <<< HTTP RESPONSE 200 {"content-type":"application/json; charset=UTF-8","vary":"X-Origin, Referer, Origin,Accept-Encoding","date":"Mon, 14 Jun 2021 09:22:38 GMT","server":"ESF","cache-control":"private","x-xss-protection":"0","x-frame-options":"SAMEORIGIN","x-content-type-options":"nosniff","alt-svc":"h3=\":443\"; ma=2592000,h3-29=\":443\"; ma=2592000,h3-T051=\":443\"; ma=2592000,h3-Q050=\":443\"; ma=2592000,h3-Q046=\":443\"; ma=2592000,h3-Q043=\":443\"; ma=2592000,quic=\":443\"; ma=2592000; v=\"46,43\"","accept-ranges":"none","transfer-encoding":"chunked"}
[debug] [2021-06-14T09:22:38.479Z] >>> HTTP REQUEST PUT https://storage.googleapis.com/gcf-upload-us-central1-90682eaa-0faa-4c75-a097-9562b885a340/9888b152-4655-41ce-b784-0ad2acb9d36f.zip?GoogleAccessId=service-895712784593@gcf-admin-robot.iam.gserviceaccount.com&Expires=1623664358&Signature=q66W7bWd7BHjwV30yV6w8Z76kztB%2Bt304oPyGBdiYZF3ZL1aTuUmuOrd76c7R6csTjMONq9G7Lw8UAMs1HnGUhwVCNDM%2FmIzcAL9bUUVVFHHYBNQXNE3KzPX6%2FpIMlvdVtROc4I2AlPeATFwfWEjx%2BjxE7xxpA6Cb6f4rhNqVpnUc9kWPic%2BgtXp8F0k7kRrc9Tc6Hd4clPPEjfs2aCszqTe8hnyJJwK5Y3laDVy%2FZm6fBGJkiH%2FLTaK5OBp6dSB9JbAqNpBQIGRVQ0dXs%2F1PuvAwOrm0bkYr6NKE87KeMLsbiDTJqiNJ95r4kmKhpoetkkaEY80aSWSipIaXrxm4A%3D%3D  
 <request body omitted>
[debug] [2021-06-14T09:22:39.392Z] <<< HTTP RESPONSE 200 {"x-guploader-uploadid":"ABg5-UzYgZLcquA3OGFsdKSvHOAfeMVu8MJU-Ff-yLC_0Ec9ELIa_6-9BDuz_kdJBIznwq_75PZaBbUFHxdZAc2T4bY","etag":"\"d6f7620271f270dcb11d9dc5f23d2031\"","x-goog-generation":"1623662559437221","x-goog-metageneration":"1","x-goog-hash":"crc32c=dnBuyA==, md5=1vdiAnHycNyxHZ3F8j0gMQ==","x-goog-stored-content-length":"24519","x-goog-stored-content-encoding":"identity","vary":"Origin","content-length":"0","date":"Mon, 14 Jun 2021 09:22:39 GMT","server":"UploadServer","content-type":"text/html; charset=UTF-8","alt-svc":"h3=\":443\"; ma=2592000,h3-29=\":443\"; ma=2592000,h3-T051=\":443\"; ma=2592000,h3-Q050=\":443\"; ma=2592000,h3-Q046=\":443\"; ma=2592000,h3-Q043=\":443\"; ma=2592000,quic=\":443\"; ma=2592000; v=\"46,43\""}
[info] ✔  functions: functions folder uploaded successfully 
[info] i  hosting[joker-s-blog]: beginning deploy... 
[info] i  hosting[joker-s-blog]: found 15 files in dist 
[debug] [2021-06-14T09:22:39.956Z] > refreshing access token with scopes: []
[debug] [2021-06-14T09:22:39.957Z] >>> HTTP REQUEST POST https://www.googleapis.com/oauth2/v3/token  
 <request body omitted>
[debug] [2021-06-14T09:22:39.958Z] [hosting] hash cache [ZGlzdA] stored for 15 files
[debug] [2021-06-14T09:22:39.958Z] [hosting][hash queue][FINAL] {"max":543,"min":10,"avg":71,"active":0,"complete":15,"success":15,"errored":0,"retried":0,"total":15,"elapsed":550}
[debug] [2021-06-14T09:22:40.295Z] <<< HTTP RESPONSE 200 {"pragma":"no-cache","cache-control":"no-cache, no-store, max-age=0, must-revalidate","date":"Mon, 14 Jun 2021 09:22:40 GMT","expires":"Mon, 01 Jan 1990 00:00:00 GMT","content-type":"application/json; charset=utf-8","vary":"X-Origin, Referer, Origin,Accept-Encoding","server":"scaffolding on HTTPServer2","x-xss-protection":"0","x-frame-options":"SAMEORIGIN","x-content-type-options":"nosniff","alt-svc":"h3=\":443\"; ma=2592000,h3-29=\":443\"; ma=2592000,h3-T051=\":443\"; ma=2592000,h3-Q050=\":443\"; ma=2592000,h3-Q046=\":443\"; ma=2592000,h3-Q043=\":443\"; ma=2592000,quic=\":443\"; ma=2592000; v=\"46,43\"","accept-ranges":"none","transfer-encoding":"chunked"}
[debug] [2021-06-14T09:22:40.357Z] >>> [apiv2][query] POST https://firebasehosting.googleapis.com/v1beta1/sites/joker-s-blog/versions/c79a3515ae3c5437:populateFiles [none]
[debug] [2021-06-14T09:22:40.357Z] >>> [apiv2][body] POST https://firebasehosting.googleapis.com/v1beta1/sites/joker-s-blog/versions/c79a3515ae3c5437:populateFiles {"files":{"/index.html":"9866357eef2da4d7ea14a3b3b825657e1c02dfad91eb5b488bbdcef3177d1c23","/favicon.ico":"1e71457865f706dc865b49a54a86e193818220d290b30226b6630a42faf1535d","/css/app.498b51e0.css":"9aa2d107809977f93d2010067e9da613a296ff5d388e109039ca6483fe3351da","/js/app.8d4779bb.js":"d3eb1ce3a8e47c346787cd5ed24fe570128f3d37c76747aa4317bde9809c2a92","/img/botw.d840c4c7.jpeg":"3fca88dacb90fdbb69f5371be32e42701a116ba61608c5459e0c0304a3e8362d","/img/persona 5 royal.d14e9d7f.jpeg":"92f453c4bedf01a4a82b3c317e37db534fc11500f56b0b240c2cb6f326f7e538","/img/mh-rise.d2645980.jpeg":"9dc13ee0da05726d11dbd37c690f6d938dd0da8e28bb6a5e74dc9320218111d4","/js/app.8d4779bb.js.map":"da587742793c5e95675ff585cff5ba1f0b471d6f1b029bdff052a2045fbb1a7d","/img/hero.9fffbfce.jpeg":"7b032198afba9f7947195376f4c656ecf6afa07681351e4258d257972bd5895a","/img/background.048d49ff.png":"601ceb5ea2529b848c3e87f64b5a6ec308d37d06da0ed892815a16ea51e42907","/img/bloodborne.f660e106.jpeg":"5b871fc54e343075b049810ab2146944c3345862f935f54b4318d30a53b1e74a","/img/mario odyssey.e6c9e1ab.jpeg":"97c423c6cb5f0a9fac10b824fd76ac1cc91709d8483758977eb784a2e3c97899","/img/hero img.3b40676d.png":"448ad18e8fdd22ce10d62e9c182d2f6c8179eb85425d426b0871f20403192672","/js/chunk-vendors.c743fd76.js":"f2842f7107a5ae337fe7c39170f9ce42a4ee16912f44314fd0e36b114d583545","/js/chunk-vendors.c743fd76.js.map":"db2840210231171f938f1e90326ecc5dd0d5232273879f671914965e1f583731"}}
[debug] [2021-06-14T09:22:41.461Z] <<< [apiv2][status] POST https://firebasehosting.googleapis.com/v1beta1/sites/joker-s-blog/versions/c79a3515ae3c5437:populateFiles 200
[debug] [2021-06-14T09:22:41.461Z] <<< [apiv2][body] POST https://firebasehosting.googleapis.com/v1beta1/sites/joker-s-blog/versions/c79a3515ae3c5437:populateFiles {"uploadRequiredHashes":["da587742793c5e95675ff585cff5ba1f0b471d6f1b029bdff052a2045fbb1a7d","9866357eef2da4d7ea14a3b3b825657e1c02dfad91eb5b488bbdcef3177d1c23","9aa2d107809977f93d2010067e9da613a296ff5d388e109039ca6483fe3351da","d3eb1ce3a8e47c346787cd5ed24fe570128f3d37c76747aa4317bde9809c2a92"],"uploadUrl":"https://upload-firebasehosting.googleapis.com/upload/sites/joker-s-blog/versions/c79a3515ae3c5437/files"}
[debug] [2021-06-14T09:22:41.463Z] >>> [apiv2][query] POST https://upload-firebasehosting.googleapis.com/upload/sites/joker-s-blog/versions/c79a3515ae3c5437/files/da587742793c5e95675ff585cff5ba1f0b471d6f1b029bdff052a2045fbb1a7d [none]
[debug] [2021-06-14T09:22:41.463Z] >>> [apiv2][body] POST https://upload-firebasehosting.googleapis.com/upload/sites/joker-s-blog/versions/c79a3515ae3c5437/files/da587742793c5e95675ff585cff5ba1f0b471d6f1b029bdff052a2045fbb1a7d [stream]
[debug] [2021-06-14T09:22:41.464Z] >>> [apiv2][query] POST https://upload-firebasehosting.googleapis.com/upload/sites/joker-s-blog/versions/c79a3515ae3c5437/files/9866357eef2da4d7ea14a3b3b825657e1c02dfad91eb5b488bbdcef3177d1c23 [none]
[debug] [2021-06-14T09:22:41.464Z] >>> [apiv2][body] POST https://upload-firebasehosting.googleapis.com/upload/sites/joker-s-blog/versions/c79a3515ae3c5437/files/9866357eef2da4d7ea14a3b3b825657e1c02dfad91eb5b488bbdcef3177d1c23 [stream]
[debug] [2021-06-14T09:22:41.465Z] >>> [apiv2][query] POST https://upload-firebasehosting.googleapis.com/upload/sites/joker-s-blog/versions/c79a3515ae3c5437/files/9aa2d107809977f93d2010067e9da613a296ff5d388e109039ca6483fe3351da [none]
[debug] [2021-06-14T09:22:41.465Z] >>> [apiv2][body] POST https://upload-firebasehosting.googleapis.com/upload/sites/joker-s-blog/versions/c79a3515ae3c5437/files/9aa2d107809977f93d2010067e9da613a296ff5d388e109039ca6483fe3351da [stream]
[debug] [2021-06-14T09:22:41.466Z] >>> [apiv2][query] POST https://upload-firebasehosting.googleapis.com/upload/sites/joker-s-blog/versions/c79a3515ae3c5437/files/d3eb1ce3a8e47c346787cd5ed24fe570128f3d37c76747aa4317bde9809c2a92 [none]
[debug] [2021-06-14T09:22:41.466Z] >>> [apiv2][body] POST https://upload-firebasehosting.googleapis.com/upload/sites/joker-s-blog/versions/c79a3515ae3c5437/files/d3eb1ce3a8e47c346787cd5ed24fe570128f3d37c76747aa4317bde9809c2a92 [stream]
[debug] [2021-06-14T09:22:41.467Z] [hosting][populate queue][FINAL] {"max":1507,"min":1507,"avg":1507,"active":0,"complete":1,"success":1,"errored":0,"retried":0,"total":1,"elapsed":1511}
[debug] [2021-06-14T09:22:41.467Z] [hosting] uploads queued: 4
[debug] [2021-06-14T09:22:43.209Z] <<< [apiv2][status] POST https://upload-firebasehosting.googleapis.com/upload/sites/joker-s-blog/versions/c79a3515ae3c5437/files/d3eb1ce3a8e47c346787cd5ed24fe570128f3d37c76747aa4317bde9809c2a92 200
[debug] [2021-06-14T09:22:43.209Z] <<< [apiv2][body] POST https://upload-firebasehosting.googleapis.com/upload/sites/joker-s-blog/versions/c79a3515ae3c5437/files/d3eb1ce3a8e47c346787cd5ed24fe570128f3d37c76747aa4317bde9809c2a92 [stream]
[debug] [2021-06-14T09:22:44.067Z] <<< [apiv2][status] POST https://upload-firebasehosting.googleapis.com/upload/sites/joker-s-blog/versions/c79a3515ae3c5437/files/9aa2d107809977f93d2010067e9da613a296ff5d388e109039ca6483fe3351da 200
[debug] [2021-06-14T09:22:44.067Z] <<< [apiv2][body] POST https://upload-firebasehosting.googleapis.com/upload/sites/joker-s-blog/versions/c79a3515ae3c5437/files/9aa2d107809977f93d2010067e9da613a296ff5d388e109039ca6483fe3351da [stream]
[debug] [2021-06-14T09:22:44.068Z] <<< [apiv2][status] POST https://upload-firebasehosting.googleapis.com/upload/sites/joker-s-blog/versions/c79a3515ae3c5437/files/9866357eef2da4d7ea14a3b3b825657e1c02dfad91eb5b488bbdcef3177d1c23 200
[debug] [2021-06-14T09:22:44.068Z] <<< [apiv2][body] POST https://upload-firebasehosting.googleapis.com/upload/sites/joker-s-blog/versions/c79a3515ae3c5437/files/9866357eef2da4d7ea14a3b3b825657e1c02dfad91eb5b488bbdcef3177d1c23 [stream]
[debug] [2021-06-14T09:22:44.807Z] <<< [apiv2][status] POST https://upload-firebasehosting.googleapis.com/upload/sites/joker-s-blog/versions/c79a3515ae3c5437/files/da587742793c5e95675ff585cff5ba1f0b471d6f1b029bdff052a2045fbb1a7d 200
[debug] [2021-06-14T09:22:44.807Z] <<< [apiv2][body] POST https://upload-firebasehosting.googleapis.com/upload/sites/joker-s-blog/versions/c79a3515ae3c5437/files/da587742793c5e95675ff585cff5ba1f0b471d6f1b029bdff052a2045fbb1a7d [stream]
[debug] [2021-06-14T09:22:44.808Z] [hosting][upload queue][FINAL] {"max":3346,"min":1747,"avg":2576,"active":0,"complete":4,"success":4,"errored":0,"retried":0,"total":4,"elapsed":3347}
[info] ✔  hosting[joker-s-blog]: file upload complete 
[debug] [2021-06-14T09:22:44.808Z] [hosting] deploy completed after 5414ms
[debug] [2021-06-14T09:22:44.810Z] [rules] releasing firebase.storage/joker-s-blog.appspot.com with ruleset projects/joker-s-blog/rulesets/28462978-fd4c-42cd-adfa-942832f1731a
[debug] [2021-06-14T09:22:44.810Z] > refreshing access token with scopes: ["email","https://www.googleapis.com/auth/cloud-platform","https://www.googleapis.com/auth/cloudplatformprojects.readonly","https://www.googleapis.com/auth/firebase","openid"]
[debug] [2021-06-14T09:22:44.811Z] >>> HTTP REQUEST POST https://www.googleapis.com/oauth2/v3/token  
 <request body omitted>
[debug] [2021-06-14T09:22:45.085Z] <<< HTTP RESPONSE 200 {"date":"Mon, 14 Jun 2021 09:22:45 GMT","cache-control":"no-cache, no-store, max-age=0, must-revalidate","expires":"Mon, 01 Jan 1990 00:00:00 GMT","pragma":"no-cache","content-type":"application/json; charset=utf-8","vary":"X-Origin, Referer, Origin,Accept-Encoding","server":"scaffolding on HTTPServer2","x-xss-protection":"0","x-frame-options":"SAMEORIGIN","x-content-type-options":"nosniff","alt-svc":"h3=\":443\"; ma=2592000,h3-29=\":443\"; ma=2592000,h3-T051=\":443\"; ma=2592000,h3-Q050=\":443\"; ma=2592000,h3-Q046=\":443\"; ma=2592000,h3-Q043=\":443\"; ma=2592000,quic=\":443\"; ma=2592000; v=\"46,43\"","accept-ranges":"none","transfer-encoding":"chunked"}
[debug] [2021-06-14T09:22:45.144Z] >>> HTTP REQUEST PATCH https://firebaserules.googleapis.com/v1/projects/joker-s-blog/releases/firebase.storage/joker-s-blog.appspot.com  
 {"release":{"name":"projects/joker-s-blog/releases/firebase.storage/joker-s-blog.appspot.com","rulesetName":"projects/joker-s-blog/rulesets/28462978-fd4c-42cd-adfa-942832f1731a"}}
[debug] [2021-06-14T09:22:46.524Z] <<< HTTP RESPONSE 200 {"content-type":"application/json; charset=UTF-8","vary":"X-Origin, Referer, Origin,Accept-Encoding","date":"Mon, 14 Jun 2021 09:22:46 GMT","server":"ESF","cache-control":"private","x-xss-protection":"0","x-frame-options":"SAMEORIGIN","x-content-type-options":"nosniff","alt-svc":"h3=\":443\"; ma=2592000,h3-29=\":443\"; ma=2592000,h3-T051=\":443\"; ma=2592000,h3-Q050=\":443\"; ma=2592000,h3-Q046=\":443\"; ma=2592000,h3-Q043=\":443\"; ma=2592000,quic=\":443\"; ma=2592000; v=\"46,43\"","accept-ranges":"none","transfer-encoding":"chunked"}
[debug] [2021-06-14T09:22:46.524Z] [rules] updated release projects/joker-s-blog/releases/firebase.storage/joker-s-blog.appspot.com
[info] ✔  storage: released rules storage.rules to firebase.storage 
[debug] [2021-06-14T09:22:46.525Z] [rules] releasing cloud.firestore with ruleset projects/joker-s-blog/rulesets/19fc8d83-7ea1-4f72-ac93-e66ef84edc44
[debug] [2021-06-14T09:22:46.526Z] >>> HTTP REQUEST PATCH https://firebaserules.googleapis.com/v1/projects/joker-s-blog/releases/cloud.firestore  
 {"release":{"name":"projects/joker-s-blog/releases/cloud.firestore","rulesetName":"projects/joker-s-blog/rulesets/19fc8d83-7ea1-4f72-ac93-e66ef84edc44"}}
[debug] [2021-06-14T09:22:47.753Z] <<< HTTP RESPONSE 200 {"content-type":"application/json; charset=UTF-8","vary":"X-Origin, Referer, Origin,Accept-Encoding","date":"Mon, 14 Jun 2021 09:22:47 GMT","server":"ESF","cache-control":"private","x-xss-protection":"0","x-frame-options":"SAMEORIGIN","x-content-type-options":"nosniff","alt-svc":"h3=\":443\"; ma=2592000,h3-29=\":443\"; ma=2592000,h3-T051=\":443\"; ma=2592000,h3-Q050=\":443\"; ma=2592000,h3-Q046=\":443\"; ma=2592000,h3-Q043=\":443\"; ma=2592000,quic=\":443\"; ma=2592000; v=\"46,43\"","accept-ranges":"none","transfer-encoding":"chunked"}
[debug] [2021-06-14T09:22:47.753Z] [rules] updated release projects/joker-s-blog/releases/cloud.firestore
[info] ✔  firestore: released rules firestore.rules to cloud.firestore 
[info] i  functions: updating Node.js 14 function addAdminRole(us-central1)... 
[debug] [2021-06-14T09:22:47.758Z] >>> HTTP REQUEST PATCH https://cloudfunctions.googleapis.com/v1/projects/joker-s-blog/locations/us-central1/functions/addAdminRole {"updateMask":"name,sourceUploadUrl,entryPoint,runtime,httpsTrigger.securityLevel,labels,environmentVariables"} 
 {"name":"projects/joker-s-blog/locations/us-central1/functions/addAdminRole","sourceUploadUrl":"https://storage.googleapis.com/gcf-upload-us-central1-90682eaa-0faa-4c75-a097-9562b885a340/9888b152-4655-41ce-b784-0ad2acb9d36f.zip?GoogleAccessId=service-895712784593@gcf-admin-robot.iam.gserviceaccount.com&Expires=1623664358&Signature=q66W7bWd7BHjwV30yV6w8Z76kztB%2Bt304oPyGBdiYZF3ZL1aTuUmuOrd76c7R6csTjMONq9G7Lw8UAMs1HnGUhwVCNDM%2FmIzcAL9bUUVVFHHYBNQXNE3KzPX6%2FpIMlvdVtROc4I2AlPeATFwfWEjx%2BjxE7xxpA6Cb6f4rhNqVpnUc9kWPic%2BgtXp8F0k7kRrc9Tc6Hd4clPPEjfs2aCszqTe8hnyJJwK5Y3laDVy%2FZm6fBGJkiH%2FLTaK5OBp6dSB9JbAqNpBQIGRVQ0dXs%2F1PuvAwOrm0bkYr6NKE87KeMLsbiDTJqiNJ95r4kmKhpoetkkaEY80aSWSipIaXrxm4A%3D%3D","entryPoint":"addAdminRole","runtime":"nodejs14","httpsTrigger":{"securityLevel":"SECURE_OPTIONAL"},"labels":{"deployment-callable":"true","deployment-tool":"cli-firebase"},"environmentVariables":{"FIREBASE_CONFIG":"{\"projectId\":\"joker-s-blog\",\"storageBucket\":\"joker-s-blog.appspot.com\",\"locationId\":\"europe-west\"}"}}
[debug] [2021-06-14T09:22:48.674Z] <<< HTTP RESPONSE 200 {"content-type":"application/json; charset=UTF-8","vary":"X-Origin, Referer, Origin,Accept-Encoding","date":"Mon, 14 Jun 2021 09:22:48 GMT","server":"ESF","cache-control":"private","x-xss-protection":"0","x-frame-options":"SAMEORIGIN","x-content-type-options":"nosniff","alt-svc":"h3=\":443\"; ma=2592000,h3-29=\":443\"; ma=2592000,h3-T051=\":443\"; ma=2592000,h3-Q050=\":443\"; ma=2592000,h3-Q046=\":443\"; ma=2592000,h3-Q043=\":443\"; ma=2592000,quic=\":443\"; ma=2592000; v=\"46,43\"","accept-ranges":"none","transfer-encoding":"chunked"}
[debug] [2021-06-14T09:22:48.675Z] > refreshing access token with scopes: []
[debug] [2021-06-14T09:22:48.676Z] >>> HTTP REQUEST POST https://www.googleapis.com/oauth2/v3/token  
 <request body omitted>
[debug] [2021-06-14T09:22:48.979Z] <<< HTTP RESPONSE 200 {"expires":"Mon, 01 Jan 1990 00:00:00 GMT","pragma":"no-cache","cache-control":"no-cache, no-store, max-age=0, must-revalidate","date":"Mon, 14 Jun 2021 09:22:49 GMT","content-type":"application/json; charset=utf-8","vary":"X-Origin, Referer, Origin,Accept-Encoding","server":"scaffolding on HTTPServer2","x-xss-protection":"0","x-frame-options":"SAMEORIGIN","x-content-type-options":"nosniff","alt-svc":"h3=\":443\"; ma=2592000,h3-29=\":443\"; ma=2592000,h3-T051=\":443\"; ma=2592000,h3-Q050=\":443\"; ma=2592000,h3-Q046=\":443\"; ma=2592000,h3-Q043=\":443\"; ma=2592000,quic=\":443\"; ma=2592000; v=\"46,43\"","accept-ranges":"none","transfer-encoding":"chunked"}
[debug] [2021-06-14T09:22:49.039Z] >>> [apiv2][query] GET https://cloudfunctions.googleapis.com/v1/operations/am9rZXItcy1ibG9nL3VzLWNlbnRyYWwxL2FkZEFkbWluUm9sZS84cnh5VDB1UnU3QQ [none]
[debug] [2021-06-14T09:22:49.436Z] <<< [apiv2][status] GET https://cloudfunctions.googleapis.com/v1/operations/am9rZXItcy1ibG9nL3VzLWNlbnRyYWwxL2FkZEFkbWluUm9sZS84cnh5VDB1UnU3QQ 200
[debug] [2021-06-14T09:22:49.436Z] <<< [apiv2][body] GET https://cloudfunctions.googleapis.com/v1/operations/am9rZXItcy1ibG9nL3VzLWNlbnRyYWwxL2FkZEFkbWluUm9sZS84cnh5VDB1UnU3QQ {"name":"operations/am9rZXItcy1ibG9nL3VzLWNlbnRyYWwxL2FkZEFkbWluUm9sZS84cnh5VDB1UnU3QQ","metadata":{"@type":"type.googleapis.com/google.cloud.functions.v1.OperationMetadataV1","target":"projects/joker-s-blog/locations/us-central1/functions/addAdminRole","type":"UPDATE_FUNCTION","request":{"@type":"type.googleapis.com/google.cloud.functions.v1.CloudFunction","name":"projects/joker-s-blog/locations/us-central1/functions/addAdminRole","httpsTrigger":{"url":"https://us-central1-joker-s-blog.cloudfunctions.net/addAdminRole","securityLevel":"SECURE_OPTIONAL"},"status":"ACTIVE","entryPoint":"addAdminRole","timeout":"60s","availableMemoryMb":256,"serviceAccountEmail":"joker-s-blog@appspot.gserviceaccount.com","updateTime":"2021-06-14T08:48:02.397Z","versionId":"5","labels":{"deployment-callable":"true","deployment-tool":"cli-firebase"},"sourceUploadUrl":"https://storage.googleapis.com/gcf-upload-us-central1-90682eaa-0faa-4c75-a097-9562b885a340/9888b152-4655-41ce-b784-0ad2acb9d36f.zip?GoogleAccessId=service-895712784593@gcf-admin-robot.iam.gserviceaccount.com&Expires=1623664358&Signature=q66W7bWd7BHjwV30yV6w8Z76kztB%2Bt304oPyGBdiYZF3ZL1aTuUmuOrd76c7R6csTjMONq9G7Lw8UAMs1HnGUhwVCNDM%2FmIzcAL9bUUVVFHHYBNQXNE3KzPX6%2FpIMlvdVtROc4I2AlPeATFwfWEjx%2BjxE7xxpA6Cb6f4rhNqVpnUc9kWPic%2BgtXp8F0k7kRrc9Tc6Hd4clPPEjfs2aCszqTe8hnyJJwK5Y3laDVy%2FZm6fBGJkiH%2FLTaK5OBp6dSB9JbAqNpBQIGRVQ0dXs%2F1PuvAwOrm0bkYr6NKE87KeMLsbiDTJqiNJ95r4kmKhpoetkkaEY80aSWSipIaXrxm4A%3D%3D","environmentVariables":{"FIREBASE_CONFIG":"{\"projectId\":\"joker-s-blog\",\"storageBucket\":\"joker-s-blog.appspot.com\",\"locationId\":\"europe-west\"}"},"runtime":"nodejs14","ingressSettings":"ALLOW_ALL","buildId":"38f100ef-4b0d-47be-b164-92e608cb5be5"},"versionId":"6","updateTime":"2021-06-14T09:22:48Z","buildId":"f33b9e05-b14d-4ffa-94fe-45385d22ae63","buildName":"projects/895712784593/locations/us-central1/builds/f33b9e05-b14d-4ffa-94fe-45385d22ae63"}}
[debug] [2021-06-14T09:22:49.942Z] [update-projects/joker-s-blog/locations/us-central1/functions/addAdminRole] Retrying task index 0
[debug] [2021-06-14T09:22:49.943Z] >>> [apiv2][query] GET https://cloudfunctions.googleapis.com/v1/operations/am9rZXItcy1ibG9nL3VzLWNlbnRyYWwxL2FkZEFkbWluUm9sZS84cnh5VDB1UnU3QQ [none]
[debug] [2021-06-14T09:22:50.396Z] <<< [apiv2][status] GET https://cloudfunctions.googleapis.com/v1/operations/am9rZXItcy1ibG9nL3VzLWNlbnRyYWwxL2FkZEFkbWluUm9sZS84cnh5VDB1UnU3QQ 200
[debug] [2021-06-14T09:22:50.397Z] <<< [apiv2][body] GET https://cloudfunctions.googleapis.com/v1/operations/am9rZXItcy1ibG9nL3VzLWNlbnRyYWwxL2FkZEFkbWluUm9sZS84cnh5VDB1UnU3QQ {"name":"operations/am9rZXItcy1ibG9nL3VzLWNlbnRyYWwxL2FkZEFkbWluUm9sZS84cnh5VDB1UnU3QQ","metadata":{"@type":"type.googleapis.com/google.cloud.functions.v1.OperationMetadataV1","target":"projects/joker-s-blog/locations/us-central1/functions/addAdminRole","type":"UPDATE_FUNCTION","request":{"@type":"type.googleapis.com/google.cloud.functions.v1.CloudFunction","name":"projects/joker-s-blog/locations/us-central1/functions/addAdminRole","httpsTrigger":{"url":"https://us-central1-joker-s-blog.cloudfunctions.net/addAdminRole","securityLevel":"SECURE_OPTIONAL"},"status":"ACTIVE","entryPoint":"addAdminRole","timeout":"60s","availableMemoryMb":256,"serviceAccountEmail":"joker-s-blog@appspot.gserviceaccount.com","updateTime":"2021-06-14T08:48:02.397Z","versionId":"5","labels":{"deployment-callable":"true","deployment-tool":"cli-firebase"},"sourceUploadUrl":"https://storage.googleapis.com/gcf-upload-us-central1-90682eaa-0faa-4c75-a097-9562b885a340/9888b152-4655-41ce-b784-0ad2acb9d36f.zip?GoogleAccessId=service-895712784593@gcf-admin-robot.iam.gserviceaccount.com&Expires=1623664358&Signature=q66W7bWd7BHjwV30yV6w8Z76kztB%2Bt304oPyGBdiYZF3ZL1aTuUmuOrd76c7R6csTjMONq9G7Lw8UAMs1HnGUhwVCNDM%2FmIzcAL9bUUVVFHHYBNQXNE3KzPX6%2FpIMlvdVtROc4I2AlPeATFwfWEjx%2BjxE7xxpA6Cb6f4rhNqVpnUc9kWPic%2BgtXp8F0k7kRrc9Tc6Hd4clPPEjfs2aCszqTe8hnyJJwK5Y3laDVy%2FZm6fBGJkiH%2FLTaK5OBp6dSB9JbAqNpBQIGRVQ0dXs%2F1PuvAwOrm0bkYr6NKE87KeMLsbiDTJqiNJ95r4kmKhpoetkkaEY80aSWSipIaXrxm4A%3D%3D","environmentVariables":{"FIREBASE_CONFIG":"{\"projectId\":\"joker-s-blog\",\"storageBucket\":\"joker-s-blog.appspot.com\",\"locationId\":\"europe-west\"}"},"runtime":"nodejs14","ingressSettings":"ALLOW_ALL","buildId":"38f100ef-4b0d-47be-b164-92e608cb5be5"},"versionId":"6","updateTime":"2021-06-14T09:22:48Z","buildId":"f33b9e05-b14d-4ffa-94fe-45385d22ae63","buildName":"projects/895712784593/locations/us-central1/builds/f33b9e05-b14d-4ffa-94fe-45385d22ae63"}}
[debug] [2021-06-14T09:22:51.402Z] [update-projects/joker-s-blog/locations/us-central1/functions/addAdminRole] Retrying task index 0
[debug] [2021-06-14T09:22:51.403Z] >>> [apiv2][query] GET https://cloudfunctions.googleapis.com/v1/operations/am9rZXItcy1ibG9nL3VzLWNlbnRyYWwxL2FkZEFkbWluUm9sZS84cnh5VDB1UnU3QQ [none]
[debug] [2021-06-14T09:22:51.838Z] <<< [apiv2][status] GET https://cloudfunctions.googleapis.com/v1/operations/am9rZXItcy1ibG9nL3VzLWNlbnRyYWwxL2FkZEFkbWluUm9sZS84cnh5VDB1UnU3QQ 200
[debug] [2021-06-14T09:22:51.838Z] <<< [apiv2][body] GET https://cloudfunctions.googleapis.com/v1/operations/am9rZXItcy1ibG9nL3VzLWNlbnRyYWwxL2FkZEFkbWluUm9sZS84cnh5VDB1UnU3QQ {"name":"operations/am9rZXItcy1ibG9nL3VzLWNlbnRyYWwxL2FkZEFkbWluUm9sZS84cnh5VDB1UnU3QQ","metadata":{"@type":"type.googleapis.com/google.cloud.functions.v1.OperationMetadataV1","target":"projects/joker-s-blog/locations/us-central1/functions/addAdminRole","type":"UPDATE_FUNCTION","request":{"@type":"type.googleapis.com/google.cloud.functions.v1.CloudFunction","name":"projects/joker-s-blog/locations/us-central1/functions/addAdminRole","httpsTrigger":{"url":"https://us-central1-joker-s-blog.cloudfunctions.net/addAdminRole","securityLevel":"SECURE_OPTIONAL"},"status":"ACTIVE","entryPoint":"addAdminRole","timeout":"60s","availableMemoryMb":256,"serviceAccountEmail":"joker-s-blog@appspot.gserviceaccount.com","updateTime":"2021-06-14T08:48:02.397Z","versionId":"5","labels":{"deployment-callable":"true","deployment-tool":"cli-firebase"},"sourceUploadUrl":"https://storage.googleapis.com/gcf-upload-us-central1-90682eaa-0faa-4c75-a097-9562b885a340/9888b152-4655-41ce-b784-0ad2acb9d36f.zip?GoogleAccessId=service-895712784593@gcf-admin-robot.iam.gserviceaccount.com&Expires=1623664358&Signature=q66W7bWd7BHjwV30yV6w8Z76kztB%2Bt304oPyGBdiYZF3ZL1aTuUmuOrd76c7R6csTjMONq9G7Lw8UAMs1HnGUhwVCNDM%2FmIzcAL9bUUVVFHHYBNQXNE3KzPX6%2FpIMlvdVtROc4I2AlPeATFwfWEjx%2BjxE7xxpA6Cb6f4rhNqVpnUc9kWPic%2BgtXp8F0k7kRrc9Tc6Hd4clPPEjfs2aCszqTe8hnyJJwK5Y3laDVy%2FZm6fBGJkiH%2FLTaK5OBp6dSB9JbAqNpBQIGRVQ0dXs%2F1PuvAwOrm0bkYr6NKE87KeMLsbiDTJqiNJ95r4kmKhpoetkkaEY80aSWSipIaXrxm4A%3D%3D","environmentVariables":{"FIREBASE_CONFIG":"{\"projectId\":\"joker-s-blog\",\"storageBucket\":\"joker-s-blog.appspot.com\",\"locationId\":\"europe-west\"}"},"runtime":"nodejs14","ingressSettings":"ALLOW_ALL","buildId":"38f100ef-4b0d-47be-b164-92e608cb5be5"},"versionId":"6","updateTime":"2021-06-14T09:22:48Z","buildId":"f33b9e05-b14d-4ffa-94fe-45385d22ae63","buildName":"projects/895712784593/locations/us-central1/builds/f33b9e05-b14d-4ffa-94fe-45385d22ae63"}}
[debug] [2021-06-14T09:22:53.844Z] [update-projects/joker-s-blog/locations/us-central1/functions/addAdminRole] Retrying task index 0
[debug] [2021-06-14T09:22:53.844Z] >>> [apiv2][query] GET https://cloudfunctions.googleapis.com/v1/operations/am9rZXItcy1ibG9nL3VzLWNlbnRyYWwxL2FkZEFkbWluUm9sZS84cnh5VDB1UnU3QQ [none]
[debug] [2021-06-14T09:22:54.278Z] <<< [apiv2][status] GET https://cloudfunctions.googleapis.com/v1/operations/am9rZXItcy1ibG9nL3VzLWNlbnRyYWwxL2FkZEFkbWluUm9sZS84cnh5VDB1UnU3QQ 200
[debug] [2021-06-14T09:22:54.278Z] <<< [apiv2][body] GET https://cloudfunctions.googleapis.com/v1/operations/am9rZXItcy1ibG9nL3VzLWNlbnRyYWwxL2FkZEFkbWluUm9sZS84cnh5VDB1UnU3QQ {"name":"operations/am9rZXItcy1ibG9nL3VzLWNlbnRyYWwxL2FkZEFkbWluUm9sZS84cnh5VDB1UnU3QQ","metadata":{"@type":"type.googleapis.com/google.cloud.functions.v1.OperationMetadataV1","target":"projects/joker-s-blog/locations/us-central1/functions/addAdminRole","type":"UPDATE_FUNCTION","request":{"@type":"type.googleapis.com/google.cloud.functions.v1.CloudFunction","name":"projects/joker-s-blog/locations/us-central1/functions/addAdminRole","httpsTrigger":{"url":"https://us-central1-joker-s-blog.cloudfunctions.net/addAdminRole","securityLevel":"SECURE_OPTIONAL"},"status":"ACTIVE","entryPoint":"addAdminRole","timeout":"60s","availableMemoryMb":256,"serviceAccountEmail":"joker-s-blog@appspot.gserviceaccount.com","updateTime":"2021-06-14T08:48:02.397Z","versionId":"5","labels":{"deployment-callable":"true","deployment-tool":"cli-firebase"},"sourceUploadUrl":"https://storage.googleapis.com/gcf-upload-us-central1-90682eaa-0faa-4c75-a097-9562b885a340/9888b152-4655-41ce-b784-0ad2acb9d36f.zip?GoogleAccessId=service-895712784593@gcf-admin-robot.iam.gserviceaccount.com&Expires=1623664358&Signature=q66W7bWd7BHjwV30yV6w8Z76kztB%2Bt304oPyGBdiYZF3ZL1aTuUmuOrd76c7R6csTjMONq9G7Lw8UAMs1HnGUhwVCNDM%2FmIzcAL9bUUVVFHHYBNQXNE3KzPX6%2FpIMlvdVtROc4I2AlPeATFwfWEjx%2BjxE7xxpA6Cb6f4rhNqVpnUc9kWPic%2BgtXp8F0k7kRrc9Tc6Hd4clPPEjfs2aCszqTe8hnyJJwK5Y3laDVy%2FZm6fBGJkiH%2FLTaK5OBp6dSB9JbAqNpBQIGRVQ0dXs%2F1PuvAwOrm0bkYr6NKE87KeMLsbiDTJqiNJ95r4kmKhpoetkkaEY80aSWSipIaXrxm4A%3D%3D","environmentVariables":{"FIREBASE_CONFIG":"{\"projectId\":\"joker-s-blog\",\"storageBucket\":\"joker-s-blog.appspot.com\",\"locationId\":\"europe-west\"}"},"runtime":"nodejs14","ingressSettings":"ALLOW_ALL","buildId":"38f100ef-4b0d-47be-b164-92e608cb5be5"},"versionId":"6","updateTime":"2021-06-14T09:22:48Z","buildId":"f33b9e05-b14d-4ffa-94fe-45385d22ae63","buildName":"projects/895712784593/locations/us-central1/builds/f33b9e05-b14d-4ffa-94fe-45385d22ae63"}}
[debug] [2021-06-14T09:22:58.282Z] [update-projects/joker-s-blog/locations/us-central1/functions/addAdminRole] Retrying task index 0
[debug] [2021-06-14T09:22:58.283Z] >>> [apiv2][query] GET https://cloudfunctions.googleapis.com/v1/operations/am9rZXItcy1ibG9nL3VzLWNlbnRyYWwxL2FkZEFkbWluUm9sZS84cnh5VDB1UnU3QQ [none]
[debug] [2021-06-14T09:22:58.713Z] <<< [apiv2][status] GET https://cloudfunctions.googleapis.com/v1/operations/am9rZXItcy1ibG9nL3VzLWNlbnRyYWwxL2FkZEFkbWluUm9sZS84cnh5VDB1UnU3QQ 200
[debug] [2021-06-14T09:22:58.713Z] <<< [apiv2][body] GET https://cloudfunctions.googleapis.com/v1/operations/am9rZXItcy1ibG9nL3VzLWNlbnRyYWwxL2FkZEFkbWluUm9sZS84cnh5VDB1UnU3QQ {"name":"operations/am9rZXItcy1ibG9nL3VzLWNlbnRyYWwxL2FkZEFkbWluUm9sZS84cnh5VDB1UnU3QQ","metadata":{"@type":"type.googleapis.com/google.cloud.functions.v1.OperationMetadataV1","target":"projects/joker-s-blog/locations/us-central1/functions/addAdminRole","type":"UPDATE_FUNCTION","request":{"@type":"type.googleapis.com/google.cloud.functions.v1.CloudFunction","name":"projects/joker-s-blog/locations/us-central1/functions/addAdminRole","httpsTrigger":{"url":"https://us-central1-joker-s-blog.cloudfunctions.net/addAdminRole","securityLevel":"SECURE_OPTIONAL"},"status":"ACTIVE","entryPoint":"addAdminRole","timeout":"60s","availableMemoryMb":256,"serviceAccountEmail":"joker-s-blog@appspot.gserviceaccount.com","updateTime":"2021-06-14T08:48:02.397Z","versionId":"5","labels":{"deployment-callable":"true","deployment-tool":"cli-firebase"},"sourceUploadUrl":"https://storage.googleapis.com/gcf-upload-us-central1-90682eaa-0faa-4c75-a097-9562b885a340/9888b152-4655-41ce-b784-0ad2acb9d36f.zip?GoogleAccessId=service-895712784593@gcf-admin-robot.iam.gserviceaccount.com&Expires=1623664358&Signature=q66W7bWd7BHjwV30yV6w8Z76kztB%2Bt304oPyGBdiYZF3ZL1aTuUmuOrd76c7R6csTjMONq9G7Lw8UAMs1HnGUhwVCNDM%2FmIzcAL9bUUVVFHHYBNQXNE3KzPX6%2FpIMlvdVtROc4I2AlPeATFwfWEjx%2BjxE7xxpA6Cb6f4rhNqVpnUc9kWPic%2BgtXp8F0k7kRrc9Tc6Hd4clPPEjfs2aCszqTe8hnyJJwK5Y3laDVy%2FZm6fBGJkiH%2FLTaK5OBp6dSB9JbAqNpBQIGRVQ0dXs%2F1PuvAwOrm0bkYr6NKE87KeMLsbiDTJqiNJ95r4kmKhpoetkkaEY80aSWSipIaXrxm4A%3D%3D","environmentVariables":{"FIREBASE_CONFIG":"{\"projectId\":\"joker-s-blog\",\"storageBucket\":\"joker-s-blog.appspot.com\",\"locationId\":\"europe-west\"}"},"runtime":"nodejs14","ingressSettings":"ALLOW_ALL","buildId":"38f100ef-4b0d-47be-b164-92e608cb5be5"},"versionId":"6","updateTime":"2021-06-14T09:22:48Z","buildId":"f33b9e05-b14d-4ffa-94fe-45385d22ae63","buildName":"projects/895712784593/locations/us-central1/builds/f33b9e05-b14d-4ffa-94fe-45385d22ae63"}}
[debug] [2021-06-14T09:23:06.718Z] [update-projects/joker-s-blog/locations/us-central1/functions/addAdminRole] Retrying task index 0
[debug] [2021-06-14T09:23:06.719Z] >>> [apiv2][query] GET https://cloudfunctions.googleapis.com/v1/operations/am9rZXItcy1ibG9nL3VzLWNlbnRyYWwxL2FkZEFkbWluUm9sZS84cnh5VDB1UnU3QQ [none]
[debug] [2021-06-14T09:23:07.273Z] <<< [apiv2][status] GET https://cloudfunctions.googleapis.com/v1/operations/am9rZXItcy1ibG9nL3VzLWNlbnRyYWwxL2FkZEFkbWluUm9sZS84cnh5VDB1UnU3QQ 200
[debug] [2021-06-14T09:23:07.273Z] <<< [apiv2][body] GET https://cloudfunctions.googleapis.com/v1/operations/am9rZXItcy1ibG9nL3VzLWNlbnRyYWwxL2FkZEFkbWluUm9sZS84cnh5VDB1UnU3QQ {"name":"operations/am9rZXItcy1ibG9nL3VzLWNlbnRyYWwxL2FkZEFkbWluUm9sZS84cnh5VDB1UnU3QQ","metadata":{"@type":"type.googleapis.com/google.cloud.functions.v1.OperationMetadataV1","target":"projects/joker-s-blog/locations/us-central1/functions/addAdminRole","type":"UPDATE_FUNCTION","request":{"@type":"type.googleapis.com/google.cloud.functions.v1.CloudFunction","name":"projects/joker-s-blog/locations/us-central1/functions/addAdminRole","httpsTrigger":{"url":"https://us-central1-joker-s-blog.cloudfunctions.net/addAdminRole","securityLevel":"SECURE_OPTIONAL"},"status":"ACTIVE","entryPoint":"addAdminRole","timeout":"60s","availableMemoryMb":256,"serviceAccountEmail":"joker-s-blog@appspot.gserviceaccount.com","updateTime":"2021-06-14T08:48:02.397Z","versionId":"5","labels":{"deployment-callable":"true","deployment-tool":"cli-firebase"},"sourceUploadUrl":"https://storage.googleapis.com/gcf-upload-us-central1-90682eaa-0faa-4c75-a097-9562b885a340/9888b152-4655-41ce-b784-0ad2acb9d36f.zip?GoogleAccessId=service-895712784593@gcf-admin-robot.iam.gserviceaccount.com&Expires=1623664358&Signature=q66W7bWd7BHjwV30yV6w8Z76kztB%2Bt304oPyGBdiYZF3ZL1aTuUmuOrd76c7R6csTjMONq9G7Lw8UAMs1HnGUhwVCNDM%2FmIzcAL9bUUVVFHHYBNQXNE3KzPX6%2FpIMlvdVtROc4I2AlPeATFwfWEjx%2BjxE7xxpA6Cb6f4rhNqVpnUc9kWPic%2BgtXp8F0k7kRrc9Tc6Hd4clPPEjfs2aCszqTe8hnyJJwK5Y3laDVy%2FZm6fBGJkiH%2FLTaK5OBp6dSB9JbAqNpBQIGRVQ0dXs%2F1PuvAwOrm0bkYr6NKE87KeMLsbiDTJqiNJ95r4kmKhpoetkkaEY80aSWSipIaXrxm4A%3D%3D","environmentVariables":{"FIREBASE_CONFIG":"{\"projectId\":\"joker-s-blog\",\"storageBucket\":\"joker-s-blog.appspot.com\",\"locationId\":\"europe-west\"}"},"runtime":"nodejs14","ingressSettings":"ALLOW_ALL","buildId":"38f100ef-4b0d-47be-b164-92e608cb5be5"},"versionId":"6","updateTime":"2021-06-14T09:22:48Z","buildId":"f33b9e05-b14d-4ffa-94fe-45385d22ae63","buildName":"projects/895712784593/locations/us-central1/builds/f33b9e05-b14d-4ffa-94fe-45385d22ae63"}}
